[2025-07-01 07:37:28] Usuario jasonarena.business@gmail.com inició sesión con Google desde IP ::1
[2025-07-01 07:38:02] Usuario cristiano.ronaldo@outlook.com inició sesión correctamente desde IP ::1
[2025-07-01 08:09:35] Usuario jason.arena@utp.ac.pa inició sesión correctamente desde IP ::1
[2025-07-01 08:25:43] Usuario jasonarena.business@gmail.com inició sesión con Google desde IP ::1
[2025-07-01 15:44:48] Usuario jasonarena.business@gmail.com inició sesión con Google desde IP ::1
[2025-07-01 15:56:34] Usuario jason.arena@utp.ac.pa inició sesión correctamente desde IP ::1
[2025-07-01 16:24:51] Usuario jasonarena.business@gmail.com inició sesión con Google desde IP ::1
[2025-07-01 17:15:51] Usuario jasonarena.business@gmail.com inició sesión con Google desde IP ::1
[2025-07-04 08:57:00] Usuario jason.arena@utp.ac.pa inició sesión correctamente desde IP ::1
[2025-07-04 10:14:29] Usuario jasonarena.business@gmail.com inició sesión con Google desde IP ::1
[2025-07-12 10:07:45] Usuario jasonarena.business@gmail.com inició sesión con Google desde IP ::1
[2025-07-15 00:43:47] Usuario jasonarena.business@gmail.com inició sesión con Google desde IP ::1
[2025-07-16 08:23:11] Usuario soporte.zonautp@gmail.com se registró e inició sesión con Google desde IP ::1
[2025-07-16 22:58:17] Usuario thepana27@gmail.com inició sesión con Google desde IP ::1
[2025-07-17 00:03:05] Usuario soporte.zonautp@gmail.com inició sesión con Google desde IP ::1
[2025-07-17 00:10:12] Usuario jason.arena@utp.ac.pa inició sesión correctamente desde IP ::1
[2025-07-17 00:41:47] Usuario jasonarena.business@gmail.com inició sesión con Google desde IP ::1
[2025-07-17 01:13:39] Usuario jason.arena@utp.ac.pa inició sesión correctamente desde IP ::1
[2025-07-17 01:34:53] Usuario jason.arena@utp.ac.pa inició sesión correctamente desde IP ::1
[2025-07-17 01:39:52] Usuario jasonarena.business@gmail.com inició sesión con Google desde IP ::1
[2025-07-17 02:21:10] Usuario jason.arena@utp.ac.pa inició sesión correctamente desde IP ::1
